# JRE version: Java(TM) SE Runtime Environment (8.0_111-b14) (build 1.8.0_111-b14)
# Java VM: Java HotSpot(TM) Client VM (25.111-b14 mixed mode windows-x86 )
Heap:
 def new generation   total 39424K, used 19389K [0x04a00000, 0x074c0000, 0x0f4a0000)
  eden space 35072K,  55% used [0x04a00000, 0x05cee8b0, 0x06c40000)
  from space 4352K,   0% used [0x07080000, 0x07080b70, 0x074c0000)
  to   space 4352K,   0% used [0x06c40000, 0x06c40000, 0x07080000)
 tenured generation   total 87424K, used 77611K [0x0f4a0000, 0x14a00000, 0x24a00000)
   the space 87424K,  88% used [0x0f4a0000, 0x1406ac28, 0x1406ae00, 0x14a00000)
 Metaspace       used 19879K, capacity 20396K, committed 20608K, reserved 20864K
GC Heap History (10 events):
Event: 244203.185 GC heap before
{Heap before GC invocations=2776 (full 2):
 def new generation   total 39424K, used 35075K [0x04a00000, 0x074c0000, 0x0f4a0000)
  eden space 35072K, 100% used [0x04a00000, 0x06c40000, 0x06c40000)
  from space 4352K,   0% used [0x06c40000, 0x06c40c80, 0x07080000)
  to   space 4352K,   0% used [0x07080000, 0x07080000, 0x074c0000)
 tenured generation   total 87424K, used 77611K [0x0f4a0000, 0x14a00000, 0x24a00000)
   the space 87424K,  88% used [0x0f4a0000, 0x1406ac28, 0x1406ae00, 0x14a00000)
 Metaspace       used 19879K, capacity 20396K, committed 20608K, reserved 20864K
Event: 244203.185 GC heap after
Heap after GC invocations=2777 (full 2):
 def new generation   total 39424K, used 3K [0x04a00000, 0x074c0000, 0x0f4a0000)
  eden space 35072K,   0% used [0x04a00000, 0x04a00000, 0x06c40000)
  from space 4352K,   0% used [0x07080000, 0x07080d30, 0x074c0000)
  to   space 4352K,   0% used [0x06c40000, 0x06c40000, 0x07080000)
 tenured generation   total 87424K, used 77611K [0x0f4a0000, 0x14a00000, 0x24a00000)
   the space 87424K,  88% used [0x0f4a0000, 0x1406ac28, 0x1406ae00, 0x14a00000)
 Metaspace       used 19879K, capacity 20396K, committed 20608K, reserved 20864K
}
Event: 244323.078 GC heap before
{Heap before GC invocations=2777 (full 2):
 def new generation   total 39424K, used 35075K [0x04a00000, 0x074c0000, 0x0f4a0000)
  eden space 35072K, 100% used [0x04a00000, 0x06c40000, 0x06c40000)
  from space 4352K,   0% used [0x07080000, 0x07080d30, 0x074c0000)
  to   space 4352K,   0% used [0x06c40000, 0x06c40000, 0x07080000)
 tenured generation   total 87424K, used 77611K [0x0f4a0000, 0x14a00000, 0x24a00000)
   the space 87424K,  88% used [0x0f4a0000, 0x1406ac28, 0x1406ae00, 0x14a00000)
 Metaspace       used 19879K, capacity 20396K, committed 20608K, reserved 20864K
Event: 244323.083 GC heap after
Heap after GC invocations=2778 (full 2):
 def new generation   total 39424K, used 2K [0x04a00000, 0x074c0000, 0x0f4a0000)
  eden space 35072K,   0% used [0x04a00000, 0x04a00000, 0x06c40000)
  from space 4352K,   0% used [0x06c40000, 0x06c409c8, 0x07080000)
  to   space 4352K,   0% used [0x07080000, 0x07080000, 0x074c0000)
 tenured generation   total 87424K, used 77611K [0x0f4a0000, 0x14a00000, 0x24a00000)
   the space 87424K,  88% used [0x0f4a0000, 0x1406ac28, 0x1406ae00, 0x14a00000)
 Metaspace       used 19879K, capacity 20396K, committed 20608K, reserved 20864K
}
Event: 244441.144 GC heap before
{Heap before GC invocations=2778 (full 2):
 def new generation   total 39424K, used 35074K [0x04a00000, 0x074c0000, 0x0f4a0000)
  eden space 35072K, 100% used [0x04a00000, 0x06c40000, 0x06c40000)
  from space 4352K,   0% used [0x06c40000, 0x06c409c8, 0x07080000)
  to   space 4352K,   0% used [0x07080000, 0x07080000, 0x074c0000)
 tenured generation   total 87424K, used 77611K [0x0f4a0000, 0x14a00000, 0x24a00000)
   the space 87424K,  88% used [0x0f4a0000, 0x1406ac28, 0x1406ae00, 0x14a00000)
 Metaspace       used 19879K, capacity 20396K, committed 20608K, reserved 20864K
Event: 244441.146 GC heap after
Heap after GC invocations=2779 (full 2):
 def new generation   total 39424K, used 3K [0x04a00000, 0x074c0000, 0x0f4a0000)
  eden space 35072K,   0% used [0x04a00000, 0x04a00000, 0x06c40000)
  from space 4352K,   0% used [0x07080000, 0x07080cf8, 0x074c0000)
  to   space 4352K,   0% used [0x06c40000, 0x06c40000, 0x07080000)
 tenured generation   total 87424K, used 77611K [0x0f4a0000, 0x14a00000, 0x24a00000)
   the space 87424K,  88% used [0x0f4a0000, 0x1406ac28, 0x1406ae00, 0x14a00000)
 Metaspace       used 19879K, capacity 20396K, committed 20608K, reserved 20864K
}
Event: 244560.613 GC heap before
{Heap before GC invocations=2779 (full 2):
 def new generation   total 39424K, used 35075K [0x04a00000, 0x074c0000, 0x0f4a0000)
  eden space 35072K, 100% used [0x04a00000, 0x06c40000, 0x06c40000)
  from space 4352K,   0% used [0x07080000, 0x07080cf8, 0x074c0000)
  to   space 4352K,   0% used [0x06c40000, 0x06c40000, 0x07080000)
 tenured generation   total 87424K, used 77611K [0x0f4a0000, 0x14a00000, 0x24a00000)
   the space 87424K,  88% used [0x0f4a0000, 0x1406ac28, 0x1406ae00, 0x14a00000)
 Metaspace       used 19879K, capacity 20396K, committed 20608K, reserved 20864K
Event: 244560.614 GC heap after
Heap after GC invocations=2780 (full 2):
 def new generation   total 39424K, used 2K [0x04a00000, 0x074c0000, 0x0f4a0000)
  eden space 35072K,   0% used [0x04a00000, 0x04a00000, 0x06c40000)
  from space 4352K,   0% used [0x06c40000, 0x06c40bc0, 0x07080000)
  to   space 4352K,   0% used [0x07080000, 0x07080000, 0x074c0000)
 tenured generation   total 87424K, used 77611K [0x0f4a0000, 0x14a00000, 0x24a00000)
   the space 87424K,  88% used [0x0f4a0000, 0x1406ac28, 0x1406ae00, 0x14a00000)
 Metaspace       used 19879K, capacity 20396K, committed 20608K, reserved 20864K
}
Event: 244680.143 GC heap before
{Heap before GC invocations=2780 (full 2):
 def new generation   total 39424K, used 35074K [0x04a00000, 0x074c0000, 0x0f4a0000)
  eden space 35072K, 100% used [0x04a00000, 0x06c40000, 0x06c40000)
  from space 4352K,   0% used [0x06c40000, 0x06c40bc0, 0x07080000)
  to   space 4352K,   0% used [0x07080000, 0x07080000, 0x074c0000)
 tenured generation   total 87424K, used 77611K [0x0f4a0000, 0x14a00000, 0x24a00000)
   the space 87424K,  88% used [0x0f4a0000, 0x1406ac28, 0x1406ae00, 0x14a00000)
 Metaspace       used 19879K, capacity 20396K, committed 20608K, reserved 20864K
Event: 244680.148 GC heap after
Heap after GC invocations=2781 (full 2):
 def new generation   total 39424K, used 2K [0x04a00000, 0x074c0000, 0x0f4a0000)
  eden space 35072K,   0% used [0x04a00000, 0x04a00000, 0x06c40000)
  from space 4352K,   0% used [0x07080000, 0x07080b70, 0x074c0000)
  to   space 4352K,   0% used [0x06c40000, 0x06c40000, 0x07080000)
 tenured generation   total 87424K, used 77611K [0x0f4a0000, 0x14a00000, 0x24a00000)
   the space 87424K,  88% used [0x0f4a0000, 0x1406ac28, 0x1406ae00, 0x14a00000)
 Metaspace       used 19879K, capacity 20396K, committed 20608K, reserved 20864K
}

